# JRE version: Java(TM) SE Runtime Environment (8.0-b132) (build 1.8.0-b132)
# Java VM: Java HotSpot(TM) 64-Bit Server VM (25.0-b70 mixed mode windows-amd64 compressed oops)
Heap:
 PSYoungGen      total 85504K, used 25324K [0x00000000eab00000, 0x00000000f0b80000, 0x0000000100000000)
  eden space 73728K, 23% used [0x00000000eab00000,0x00000000ebc0af00,0x00000000ef300000)
  from space 11776K, 66% used [0x00000000eff00000,0x00000000f06b0128,0x00000000f0a80000)
  to   space 12288K, 0% used [0x00000000ef300000,0x00000000ef300000,0x00000000eff00000)
 ParOldGen       total 195072K, used 39966K [0x00000000c0000000, 0x00000000cbe80000, 0x00000000eab00000)
  object space 195072K, 20% used [0x00000000c0000000,0x00000000c2707a18,0x00000000cbe80000)
 Metaspace       used 6860K, capacity 7448K, committed 7680K, reserved 1056768K
  class space    used 671K, capacity 720K, committed 768K, reserved 1048576K
GC Heap History (10 events):
Event: 7.557 GC heap before
{Heap before GC invocations=18 (full 0):
 PSYoungGen      total 31744K, used 31739K [0x00000000eab00000, 0x00000000edd00000, 0x0000000100000000)
  eden space 27648K, 100% used [0x00000000eab00000,0x00000000ec600000,0x00000000ec600000)
  from space 4096K, 99% used [0x00000000ec600000,0x00000000ec9feed0,0x00000000eca00000)
  to   space 6144K, 0% used [0x00000000ed700000,0x00000000ed700000,0x00000000edd00000)
 ParOldGen       total 195072K, used 14210K [0x00000000c0000000, 0x00000000cbe80000, 0x00000000eab00000)
  object space 195072K, 7% used [0x00000000c0000000,0x00000000c0de0b48,0x00000000cbe80000)
 Metaspace       used 6018K, capacity 6960K, committed 7040K, reserved 1056768K
  class space    used 597K, capacity 616K, committed 640K, reserved 1048576K
Event: 7.596 GC heap after
Heap after GC invocations=18 (full 0):
 PSYoungGen      total 44544K, used 4680K [0x00000000eab00000, 0x00000000ede00000, 0x0000000100000000)
  eden space 38400K, 0% used [0x00000000eab00000,0x00000000eab00000,0x00000000ed080000)
  from space 6144K, 76% used [0x00000000ed700000,0x00000000edb92190,0x00000000edd00000)
  to   space 6656K, 0% used [0x00000000ed080000,0x00000000ed080000,0x00000000ed700000)
 ParOldGen       total 195072K, used 18085K [0x00000000c0000000, 0x00000000cbe80000, 0x00000000eab00000)
  object space 195072K, 9% used [0x00000000c0000000,0x00000000c11a9798,0x00000000cbe80000)
 Metaspace       used 6018K, capacity 6960K, committed 7040K, reserved 1056768K
  class space    used 597K, capacity 616K, committed 640K, reserved 1048576K
}
Event: 8.036 GC heap before
{Heap before GC invocations=19 (full 0):
 PSYoungGen      total 44544K, used 43080K [0x00000000eab00000, 0x00000000ede00000, 0x0000000100000000)
  eden space 38400K, 100% used [0x00000000eab00000,0x00000000ed080000,0x00000000ed080000)
  from space 6144K, 76% used [0x00000000ed700000,0x00000000edb92190,0x00000000edd00000)
  to   space 6656K, 0% used [0x00000000ed080000,0x00000000ed080000,0x00000000ed700000)
 ParOldGen       total 195072K, used 18085K [0x00000000c0000000, 0x00000000cbe80000, 0x00000000eab00000)
  object space 195072K, 9% used [0x00000000c0000000,0x00000000c11a9798,0x00000000cbe80000)
 Metaspace       used 6113K, capacity 7000K, committed 7168K, reserved 1056768K
  class space    used 617K, capacity 656K, committed 768K, reserved 1048576K
Event: 8.063 GC heap after
Heap after GC invocations=19 (full 0):
 PSYoungGen      total 45056K, used 5201K [0x00000000eab00000, 0x00000000eed80000, 0x0000000100000000)
  eden space 38400K, 0% used [0x00000000eab00000,0x00000000eab00000,0x00000000ed080000)
  from space 6656K, 78% used [0x00000000ed080000,0x00000000ed5945a8,0x00000000ed700000)
  to   space 7168K, 0% used [0x00000000ee680000,0x00000000ee680000,0x00000000eed80000)
 ParOldGen       total 195072K, used 22213K [0x00000000c0000000, 0x00000000cbe80000, 0x00000000eab00000)
  object space 195072K, 11% used [0x00000000c0000000,0x00000000c15b1490,0x00000000cbe80000)
 Metaspace       used 6113K, capacity 7000K, committed 7168K, reserved 1056768K
  class space    used 617K, capacity 656K, committed 768K, reserved 1048576K
}
Event: 8.432 GC heap before
{Heap before GC invocations=20 (full 0):
 PSYoungGen      total 45056K, used 43601K [0x00000000eab00000, 0x00000000eed80000, 0x0000000100000000)
  eden space 38400K, 100% used [0x00000000eab00000,0x00000000ed080000,0x00000000ed080000)
  from space 6656K, 78% used [0x00000000ed080000,0x00000000ed5945a8,0x00000000ed700000)
  to   space 7168K, 0% used [0x00000000ee680000,0x00000000ee680000,0x00000000eed80000)
 ParOldGen       total 195072K, used 22213K [0x00000000c0000000, 0x00000000cbe80000, 0x00000000eab00000)
  object space 195072K, 11% used [0x00000000c0000000,0x00000000c15b1490,0x00000000cbe80000)
 Metaspace       used 6129K, capacity 7000K, committed 7168K, reserved 1056768K
  class space    used 617K, capacity 656K, committed 768K, reserved 1048576K
Event: 8.484 GC heap after
Heap after GC invocations=20 (full 0):
 PSYoungGen      total 59904K, used 6194K [0x00000000eab00000, 0x00000000eef80000, 0x0000000100000000)
  eden space 52736K, 0% used [0x00000000eab00000,0x00000000eab00000,0x00000000ede80000)
  from space 7168K, 86% used [0x00000000ee680000,0x00000000eec8ca60,0x00000000eed80000)
  to   space 8192K, 0% used [0x00000000ede80000,0x00000000ede80000,0x00000000ee680000)
 ParOldGen       total 195072K, used 26922K [0x00000000c0000000, 0x00000000cbe80000, 0x00000000eab00000)
  object space 195072K, 13% used [0x00000000c0000000,0x00000000c1a4a918,0x00000000cbe80000)
 Metaspace       used 6129K, capacity 7000K, committed 7168K, reserved 1056768K
  class space    used 617K, capacity 656K, committed 768K, reserved 1048576K
}
Event: 8.992 GC heap before
{Heap before GC invocations=21 (full 0):
 PSYoungGen      total 59904K, used 58930K [0x00000000eab00000, 0x00000000eef80000, 0x0000000100000000)
  eden space 52736K, 100% used [0x00000000eab00000,0x00000000ede80000,0x00000000ede80000)
  from space 7168K, 86% used [0x00000000ee680000,0x00000000eec8ca60,0x00000000eed80000)
  to   space 8192K, 0% used [0x00000000ede80000,0x00000000ede80000,0x00000000ee680000)
 ParOldGen       total 195072K, used 26922K [0x00000000c0000000, 0x00000000cbe80000, 0x00000000eab00000)
  object space 195072K, 13% used [0x00000000c0000000,0x00000000c1a4a918,0x00000000cbe80000)
 Metaspace       used 6158K, capacity 7064K, committed 7424K, reserved 1056768K
  class space    used 617K, capacity 656K, committed 768K, reserved 1048576K
Event: 9.132 GC heap after
Heap after GC invocations=21 (full 0):
 PSYoungGen      total 60928K, used 8180K [0x00000000eab00000, 0x00000000f0a80000, 0x0000000100000000)
  eden space 52736K, 0% used [0x00000000eab00000,0x00000000eab00000,0x00000000ede80000)
  from space 8192K, 99% used [0x00000000ede80000,0x00000000ee67d2a8,0x00000000ee680000)
  to   space 11776K, 0% used [0x00000000eff00000,0x00000000eff00000,0x00000000f0a80000)
 ParOldGen       total 195072K, used 32811K [0x00000000c0000000, 0x00000000cbe80000, 0x00000000eab00000)
  object space 195072K, 16% used [0x00000000c0000000,0x00000000c200ac60,0x00000000cbe80000)
 Metaspace       used 6158K, capacity 7064K, committed 7424K, reserved 1056768K
  class space    used 617K, capacity 656K, committed 768K, reserved 1048576K
}
Event: 11.841 GC heap before
{Heap before GC invocations=22 (full 0):
 PSYoungGen      total 60928K, used 60916K [0x00000000eab00000, 0x00000000f0a80000, 0x0000000100000000)
  eden space 52736K, 100% used [0x00000000eab00000,0x00000000ede80000,0x00000000ede80000)
  from space 8192K, 99% used [0x00000000ede80000,0x00000000ee67d2a8,0x00000000ee680000)
  to   space 11776K, 0% used [0x00000000eff00000,0x00000000eff00000,0x00000000f0a80000)
 ParOldGen       total 195072K, used 32811K [0x00000000c0000000, 0x00000000cbe80000, 0x00000000eab00000)
  object space 195072K, 16% used [0x00000000c0000000,0x00000000c200ac60,0x00000000cbe80000)
 Metaspace       used 6275K, capacity 7128K, committed 7424K, reserved 1056768K
  class space    used 624K, capacity 656K, committed 768K, reserved 1048576K
Event: 11.949 GC heap after
Heap after GC invocations=22 (full 0):
 PSYoungGen      total 85504K, used 7872K [0x00000000eab00000, 0x00000000f0b80000, 0x0000000100000000)
  eden space 73728K, 0% used [0x00000000eab00000,0x00000000eab00000,0x00000000ef300000)
  from space 11776K, 66% used [0x00000000eff00000,0x00000000f06b0128,0x00000000f0a80000)
  to   space 12288K, 0% used [0x00000000ef300000,0x00000000ef300000,0x00000000eff00000)
 ParOldGen       total 195072K, used 39966K [0x00000000c0000000, 0x00000000cbe80000, 0x00000000eab00000)
  object space 195072K, 20% used [0x00000000c0000000,0x00000000c2707a18,0x00000000cbe80000)
 Metaspace       used 6275K, capacity 7128K, committed 7424K, reserved 1056768K
  class space    used 624K, capacity 656K, committed 768K, reserved 1048576K
}

